Configuration file: /home/blc56/Documents/bastiencarreres.github.io/_config.yml
            Source: /home/blc56/Documents/bastiencarreres.github.io
       Destination: /home/blc56/Documents/bastiencarreres.github.io/_site
 Incremental build: disabled. Enable with --incremental
      Generating... 
Terser: Minifying /home/blc56/Documents/bastiencarreres.github.io/assets/js/bibsearch.js
Terser: Minifying /home/blc56/Documents/bastiencarreres.github.io/assets/js/chartjs-setup.js
Terser: Minifying /home/blc56/Documents/bastiencarreres.github.io/assets/js/common.js
Terser: Minifying /home/blc56/Documents/bastiencarreres.github.io/assets/js/copy_code.js
Terser: Minifying /home/blc56/Documents/bastiencarreres.github.io/assets/js/dark_mode.js
Terser: Minifying /home/blc56/Documents/bastiencarreres.github.io/assets/js/diff2html-setup.js
Terser: Minifying /home/blc56/Documents/bastiencarreres.github.io/assets/js/distillpub/template.v2.js
Terser: Minifying /home/blc56/Documents/bastiencarreres.github.io/assets/js/distillpub/transforms.v2.js
Terser: Minifying /home/blc56/Documents/bastiencarreres.github.io/assets/js/echarts-setup.js
Terser: Minifying /home/blc56/Documents/bastiencarreres.github.io/assets/js/highlight-search-term.js
Terser: Minifying /home/blc56/Documents/bastiencarreres.github.io/assets/js/jupyter_new_tab.js
Terser: Minifying /home/blc56/Documents/bastiencarreres.github.io/assets/js/leaflet-setup.js
Terser: Minifying /home/blc56/Documents/bastiencarreres.github.io/assets/js/masonry.js
Terser: Minifying /home/blc56/Documents/bastiencarreres.github.io/assets/js/mathjax-setup.js
Terser: Minifying /home/blc56/Documents/bastiencarreres.github.io/assets/js/mermaid-setup.js
Terser: Minifying /home/blc56/Documents/bastiencarreres.github.io/assets/js/newsletter.js
Terser: Minifying /home/blc56/Documents/bastiencarreres.github.io/assets/js/no_defer.js
Terser: Minifying /home/blc56/Documents/bastiencarreres.github.io/assets/js/plotly-setup.js
Terser: Minifying /home/blc56/Documents/bastiencarreres.github.io/assets/js/progress-bar.js
Terser: Minifying /home/blc56/Documents/bastiencarreres.github.io/assets/js/pseudocode-setup.js
Terser: Minifying /home/blc56/Documents/bastiencarreres.github.io/assets/js/reveal.js/dist/reveal.esm.js
Terser: Minifying /home/blc56/Documents/bastiencarreres.github.io/assets/js/reveal.js/dist/reveal.js
Terser: Minifying /home/blc56/Documents/bastiencarreres.github.io/assets/js/reveal.js/gulpfile.js
Terser: Minifying /home/blc56/Documents/bastiencarreres.github.io/assets/js/reveal.js/js/components/playback.js
Terser: Minifying /home/blc56/Documents/bastiencarreres.github.io/assets/js/reveal.js/js/config.js
Terser: Minifying /home/blc56/Documents/bastiencarreres.github.io/assets/js/reveal.js/js/controllers/autoanimate.js
Terser: Minifying /home/blc56/Documents/bastiencarreres.github.io/assets/js/reveal.js/js/controllers/backgrounds.js
Terser: Minifying /home/blc56/Documents/bastiencarreres.github.io/assets/js/reveal.js/js/controllers/controls.js
Terser: Minifying /home/blc56/Documents/bastiencarreres.github.io/assets/js/reveal.js/js/controllers/focus.js
Terser: Minifying /home/blc56/Documents/bastiencarreres.github.io/assets/js/reveal.js/js/controllers/fragments.js
Terser: Minifying /home/blc56/Documents/bastiencarreres.github.io/assets/js/reveal.js/js/controllers/jumptoslide.js
Terser: Minifying /home/blc56/Documents/bastiencarreres.github.io/assets/js/reveal.js/js/controllers/keyboard.js
Terser: Minifying /home/blc56/Documents/bastiencarreres.github.io/assets/js/reveal.js/js/controllers/location.js
Terser: Minifying /home/blc56/Documents/bastiencarreres.github.io/assets/js/reveal.js/js/controllers/notes.js
Terser: Minifying /home/blc56/Documents/bastiencarreres.github.io/assets/js/reveal.js/js/controllers/overview.js
Terser: Minifying /home/blc56/Documents/bastiencarreres.github.io/assets/js/reveal.js/js/controllers/plugins.js
Terser: Minifying /home/blc56/Documents/bastiencarreres.github.io/assets/js/reveal.js/js/controllers/pointer.js
Terser: Minifying /home/blc56/Documents/bastiencarreres.github.io/assets/js/reveal.js/js/controllers/printview.js
Terser: Minifying /home/blc56/Documents/bastiencarreres.github.io/assets/js/reveal.js/js/controllers/progress.js
Terser: Minifying /home/blc56/Documents/bastiencarreres.github.io/assets/js/reveal.js/js/controllers/scrollview.js
Terser: Minifying /home/blc56/Documents/bastiencarreres.github.io/assets/js/reveal.js/js/controllers/slidecontent.js
Terser: Minifying /home/blc56/Documents/bastiencarreres.github.io/assets/js/reveal.js/js/controllers/slidenumber.js
Terser: Minifying /home/blc56/Documents/bastiencarreres.github.io/assets/js/reveal.js/js/controllers/touch.js
Terser: Minifying /home/blc56/Documents/bastiencarreres.github.io/assets/js/reveal.js/js/index.js
Terser: Minifying /home/blc56/Documents/bastiencarreres.github.io/assets/js/reveal.js/js/reveal.js
Terser: Minifying /home/blc56/Documents/bastiencarreres.github.io/assets/js/reveal.js/js/utils/color.js
Terser: Minifying /home/blc56/Documents/bastiencarreres.github.io/assets/js/reveal.js/js/utils/constants.js
Terser: Minifying /home/blc56/Documents/bastiencarreres.github.io/assets/js/reveal.js/js/utils/device.js
Terser: Minifying /home/blc56/Documents/bastiencarreres.github.io/assets/js/reveal.js/js/utils/loader.js
Terser: Minifying /home/blc56/Documents/bastiencarreres.github.io/assets/js/reveal.js/js/utils/util.js
Terser: Minifying /home/blc56/Documents/bastiencarreres.github.io/assets/js/reveal.js/plugin/highlight/highlight.esm.js
Terser: Minifying /home/blc56/Documents/bastiencarreres.github.io/assets/js/reveal.js/plugin/highlight/highlight.js
Terser: Minifying /home/blc56/Documents/bastiencarreres.github.io/assets/js/reveal.js/plugin/highlight/plugin.js
Terser: Minifying /home/blc56/Documents/bastiencarreres.github.io/assets/js/reveal.js/plugin/markdown/markdown.esm.js
Terser: Minifying /home/blc56/Documents/bastiencarreres.github.io/assets/js/reveal.js/plugin/markdown/markdown.js
Terser: Minifying /home/blc56/Documents/bastiencarreres.github.io/assets/js/reveal.js/plugin/markdown/plugin.js
Terser: Minifying /home/blc56/Documents/bastiencarreres.github.io/assets/js/reveal.js/plugin/math/katex.js
Terser: Minifying /home/blc56/Documents/bastiencarreres.github.io/assets/js/reveal.js/plugin/math/math.esm.js
Terser: Minifying /home/blc56/Documents/bastiencarreres.github.io/assets/js/reveal.js/plugin/math/math.js
Terser: Minifying /home/blc56/Documents/bastiencarreres.github.io/assets/js/reveal.js/plugin/math/mathjax2.js
Terser: Minifying /home/blc56/Documents/bastiencarreres.github.io/assets/js/reveal.js/plugin/math/mathjax3.js
Terser: Minifying /home/blc56/Documents/bastiencarreres.github.io/assets/js/reveal.js/plugin/math/plugin.js
Terser: Minifying /home/blc56/Documents/bastiencarreres.github.io/assets/js/reveal.js/plugin/notes/notes.esm.js
Terser: Minifying /home/blc56/Documents/bastiencarreres.github.io/assets/js/reveal.js/plugin/notes/notes.js
Terser: Minifying /home/blc56/Documents/bastiencarreres.github.io/assets/js/reveal.js/plugin/notes/plugin.js
Terser: Minifying /home/blc56/Documents/bastiencarreres.github.io/assets/js/reveal.js/plugin/search/plugin.js
Terser: Minifying /home/blc56/Documents/bastiencarreres.github.io/assets/js/reveal.js/plugin/search/search.esm.js
Terser: Minifying /home/blc56/Documents/bastiencarreres.github.io/assets/js/reveal.js/plugin/search/search.js
Terser: Minifying /home/blc56/Documents/bastiencarreres.github.io/assets/js/reveal.js/plugin/zoom/plugin.js
Terser: Minifying /home/blc56/Documents/bastiencarreres.github.io/assets/js/reveal.js/plugin/zoom/zoom.esm.js
Terser: Minifying /home/blc56/Documents/bastiencarreres.github.io/assets/js/reveal.js/plugin/zoom/zoom.js
Terser: Minifying /home/blc56/Documents/bastiencarreres.github.io/assets/js/reveal.js/test/assets/external-script-a.js
Terser: Minifying /home/blc56/Documents/bastiencarreres.github.io/assets/js/reveal.js/test/assets/external-script-b.js
Terser: Minifying /home/blc56/Documents/bastiencarreres.github.io/assets/js/reveal.js/test/assets/external-script-c.js
Terser: Minifying /home/blc56/Documents/bastiencarreres.github.io/assets/js/reveal.js/test/assets/external-script-d.js
Terser: Minifying /home/blc56/Documents/bastiencarreres.github.io/assets/js/search-setup.js
Terser: Minifying /home/blc56/Documents/bastiencarreres.github.io/assets/js/shortcut-key.js
Terser: Minifying /home/blc56/Documents/bastiencarreres.github.io/assets/js/theme.js
Terser: Minifying /home/blc56/Documents/bastiencarreres.github.io/assets/js/tooltips-setup.js
Terser: Minifying /home/blc56/Documents/bastiencarreres.github.io/assets/js/typograms.js
Terser: Minifying /home/blc56/Documents/bastiencarreres.github.io/assets/js/vega-setup.js
Terser: Minifying /home/blc56/Documents/bastiencarreres.github.io/assets/js/venobox-setup.js
Terser: Minifying /home/blc56/Documents/bastiencarreres.github.io/assets/js/wechat.js
Terser: Minifying /home/blc56/Documents/bastiencarreres.github.io/assets/js/zoom.js
Terser: Minifying /home/blc56/Documents/bastiencarreres.github.io/assets/libs/echarts/dark-fresh-cut.js
Terser: Minifying /home/blc56/Documents/bastiencarreres.github.io/assets/libs/mathjax/tex-mml-chtml.js
Terser: Minifying /home/blc56/Documents/bastiencarreres.github.io/talks/PhD/gulpfile.js
Terser: Minifying /home/blc56/Documents/bastiencarreres.github.io/talks/desctd-2023-03-28/gulpfile.js
Terser: Minifying /home/blc56/Documents/bastiencarreres.github.io/talks/duke-2023-04-20/gulpfile.js
       Jekyll Feed: Generating feed for posts
       Imagemagick: Searching files in /home/blc56/Documents/bastiencarreres.github.io/assets/img/
       Imagemagick: Adding static file /home/blc56/Documents/bastiencarreres.github.io/_site/assets/img/book_covers/the_godfather-480.webp
       Imagemagick: Adding static file /home/blc56/Documents/bastiencarreres.github.io/_site/assets/img/book_covers/the_godfather-800.webp
       Imagemagick: Adding static file /home/blc56/Documents/bastiencarreres.github.io/_site/assets/img/book_covers/the_godfather-1400.webp
       Imagemagick: Adding static file /home/blc56/Documents/bastiencarreres.github.io/_site/assets/img/talks_img/B22_OmOde-480.webp
       Imagemagick: Adding static file /home/blc56/Documents/bastiencarreres.github.io/_site/assets/img/talks_img/B22_OmOde-800.webp
       Imagemagick: Adding static file /home/blc56/Documents/bastiencarreres.github.io/_site/assets/img/talks_img/B22_OmOde-1400.webp
       Imagemagick: Adding static file /home/blc56/Documents/bastiencarreres.github.io/_site/assets/img/talks_img/B22_w0wa-480.webp
       Imagemagick: Adding static file /home/blc56/Documents/bastiencarreres.github.io/_site/assets/img/talks_img/B22_w0wa-800.webp
       Imagemagick: Adding static file /home/blc56/Documents/bastiencarreres.github.io/_site/assets/img/talks_img/B22_w0wa-1400.webp
       Imagemagick: Adding static file /home/blc56/Documents/bastiencarreres.github.io/_site/assets/img/talks_img/DaleeEinstein-480.webp
       Imagemagick: Adding static file /home/blc56/Documents/bastiencarreres.github.io/_site/assets/img/talks_img/DaleeEinstein-800.webp
       Imagemagick: Adding static file /home/blc56/Documents/bastiencarreres.github.io/_site/assets/img/talks_img/DaleeEinstein-1400.webp
       Imagemagick: Adding static file /home/blc56/Documents/bastiencarreres.github.io/_site/assets/img/talks_img/FPrelation-480.webp
       Imagemagick: Adding static file /home/blc56/Documents/bastiencarreres.github.io/_site/assets/img/talks_img/FPrelation-800.webp
       Imagemagick: Adding static file /home/blc56/Documents/bastiencarreres.github.io/_site/assets/img/talks_img/FPrelation-1400.webp
       Imagemagick: Adding static file /home/blc56/Documents/bastiencarreres.github.io/_site/assets/img/talks_img/LCDM_constraint-480.webp
       Imagemagick: Adding static file /home/blc56/Documents/bastiencarreres.github.io/_site/assets/img/talks_img/LCDM_constraint-800.webp
       Imagemagick: Adding static file /home/blc56/Documents/bastiencarreres.github.io/_site/assets/img/talks_img/LCDM_constraint-1400.webp
       Imagemagick: Adding static file /home/blc56/Documents/bastiencarreres.github.io/_site/assets/img/talks_img/Logo_AMU-480.webp
       Imagemagick: Adding static file /home/blc56/Documents/bastiencarreres.github.io/_site/assets/img/talks_img/Logo_AMU-800.webp
       Imagemagick: Adding static file /home/blc56/Documents/bastiencarreres.github.io/_site/assets/img/talks_img/Logo_AMU-1400.webp
       Imagemagick: Adding static file /home/blc56/Documents/bastiencarreres.github.io/_site/assets/img/talks_img/Logo_CPPM-480.webp
       Imagemagick: Adding static file /home/blc56/Documents/bastiencarreres.github.io/_site/assets/img/talks_img/Logo_CPPM-800.webp
       Imagemagick: Adding static file /home/blc56/Documents/bastiencarreres.github.io/_site/assets/img/talks_img/Logo_CPPM-1400.webp
       Imagemagick: Adding static file /home/blc56/Documents/bastiencarreres.github.io/_site/assets/img/talks_img/SNIA_spectra-480.webp
       Imagemagick: Adding static file /home/blc56/Documents/bastiencarreres.github.io/_site/assets/img/talks_img/SNIA_spectra-800.webp
       Imagemagick: Adding static file /home/blc56/Documents/bastiencarreres.github.io/_site/assets/img/talks_img/SNIA_spectra-1400.webp
       Imagemagick: Adding static file /home/blc56/Documents/bastiencarreres.github.io/_site/assets/img/talks_img/TFrelation-480.webp
       Imagemagick: Adding static file /home/blc56/Documents/bastiencarreres.github.io/_site/assets/img/talks_img/TFrelation-800.webp
       Imagemagick: Adding static file /home/blc56/Documents/bastiencarreres.github.io/_site/assets/img/talks_img/TFrelation-1400.webp
       Imagemagick: Generating image "/home/blc56/Documents/bastiencarreres.github.io/_site/assets/img/talks_img/bts_sne_sky_black_logo_saved2-480.webp"
       Imagemagick: Generating image "/home/blc56/Documents/bastiencarreres.github.io/_site/assets/img/talks_img/bts_sne_sky_black_logo_saved2-800.webp"
       Imagemagick: Generating image "/home/blc56/Documents/bastiencarreres.github.io/_site/assets/img/talks_img/bts_sne_sky_black_logo_saved2-1400.webp"
       Imagemagick: Generating image "/home/blc56/Documents/bastiencarreres.github.io/_site/assets/img/talks_img/butterfly_colour_smallerscales-480.webp"
       Imagemagick: Adding static file /home/blc56/Documents/bastiencarreres.github.io/_site/assets/img/talks_img/butterfly_colour_smallerscales-480.webp
       Imagemagick: Generating image "/home/blc56/Documents/bastiencarreres.github.io/_site/assets/img/talks_img/butterfly_colour_smallerscales-800.webp"
       Imagemagick: Adding static file /home/blc56/Documents/bastiencarreres.github.io/_site/assets/img/talks_img/butterfly_colour_smallerscales-800.webp
       Imagemagick: Generating image "/home/blc56/Documents/bastiencarreres.github.io/_site/assets/img/talks_img/butterfly_colour_smallerscales-1400.webp"
       Imagemagick: Adding static file /home/blc56/Documents/bastiencarreres.github.io/_site/assets/img/talks_img/butterfly_colour_smallerscales-1400.webp
       Imagemagick: Generating image "/home/blc56/Documents/bastiencarreres.github.io/_site/assets/img/talks_img/classmodgrav-480.webp"
       Imagemagick: Adding static file /home/blc56/Documents/bastiencarreres.github.io/_site/assets/img/talks_img/classmodgrav-480.webp
       Imagemagick: Generating image "/home/blc56/Documents/bastiencarreres.github.io/_site/assets/img/talks_img/classmodgrav-800.webp"
       Imagemagick: Adding static file /home/blc56/Documents/bastiencarreres.github.io/_site/assets/img/talks_img/classmodgrav-800.webp
       Imagemagick: Generating image "/home/blc56/Documents/bastiencarreres.github.io/_site/assets/img/talks_img/classmodgrav-1400.webp"
       Imagemagick: Adding static file /home/blc56/Documents/bastiencarreres.github.io/_site/assets/img/talks_img/classmodgrav-1400.webp
       Imagemagick: Generating image "/home/blc56/Documents/bastiencarreres.github.io/_site/assets/img/talks_img/dhawan2021-480.webp"
       Imagemagick: Adding static file /home/blc56/Documents/bastiencarreres.github.io/_site/assets/img/talks_img/dhawan2021-480.webp
       Imagemagick: Generating image "/home/blc56/Documents/bastiencarreres.github.io/_site/assets/img/talks_img/dhawan2021-800.webp"
       Imagemagick: Adding static file /home/blc56/Documents/bastiencarreres.github.io/_site/assets/img/talks_img/dhawan2021-800.webp
       Imagemagick: Generating image "/home/blc56/Documents/bastiencarreres.github.io/_site/assets/img/talks_img/dhawan2021-1400.webp"
       Imagemagick: Adding static file /home/blc56/Documents/bastiencarreres.github.io/_site/assets/img/talks_img/dhawan2021-1400.webp
       Imagemagick: Generating image "/home/blc56/Documents/bastiencarreres.github.io/_site/assets/img/talks_img/exploding_wd-480.webp"
       Imagemagick: Adding static file /home/blc56/Documents/bastiencarreres.github.io/_site/assets/img/talks_img/exploding_wd-480.webp
       Imagemagick: Generating image "/home/blc56/Documents/bastiencarreres.github.io/_site/assets/img/talks_img/exploding_wd-800.webp"
       Imagemagick: Adding static file /home/blc56/Documents/bastiencarreres.github.io/_site/assets/img/talks_img/exploding_wd-800.webp
       Imagemagick: Generating image "/home/blc56/Documents/bastiencarreres.github.io/_site/assets/img/talks_img/exploding_wd-1400.webp"
       Imagemagick: Adding static file /home/blc56/Documents/bastiencarreres.github.io/_site/assets/img/talks_img/exploding_wd-1400.webp
       Imagemagick: Generating image "/home/blc56/Documents/bastiencarreres.github.io/_site/assets/img/talks_img/millenium-480.webp"
       Imagemagick: Adding static file /home/blc56/Documents/bastiencarreres.github.io/_site/assets/img/talks_img/millenium-480.webp
       Imagemagick: Generating image "/home/blc56/Documents/bastiencarreres.github.io/_site/assets/img/talks_img/millenium-800.webp"
       Imagemagick: Adding static file /home/blc56/Documents/bastiencarreres.github.io/_site/assets/img/talks_img/millenium-800.webp
       Imagemagick: Generating image "/home/blc56/Documents/bastiencarreres.github.io/_site/assets/img/talks_img/millenium-1400.webp"
       Imagemagick: Adding static file /home/blc56/Documents/bastiencarreres.github.io/_site/assets/img/talks_img/millenium-1400.webp
       Imagemagick: Generating image "/home/blc56/Documents/bastiencarreres.github.io/_site/assets/img/talks_img/outerrim-480.webp"
       Imagemagick: Adding static file /home/blc56/Documents/bastiencarreres.github.io/_site/assets/img/talks_img/outerrim-480.webp
       Imagemagick: Generating image "/home/blc56/Documents/bastiencarreres.github.io/_site/assets/img/talks_img/outerrim-800.webp"
       Imagemagick: Adding static file /home/blc56/Documents/bastiencarreres.github.io/_site/assets/img/talks_img/outerrim-800.webp
       Imagemagick: Generating image "/home/blc56/Documents/bastiencarreres.github.io/_site/assets/img/talks_img/outerrim-1400.webp"
       Imagemagick: Adding static file /home/blc56/Documents/bastiencarreres.github.io/_site/assets/img/talks_img/outerrim-1400.webp
       Imagemagick: Generating image "/home/blc56/Documents/bastiencarreres.github.io/_site/assets/img/talks_img/palomar-480.webp"
       Imagemagick: Adding static file /home/blc56/Documents/bastiencarreres.github.io/_site/assets/img/talks_img/palomar-480.webp
       Imagemagick: Generating image "/home/blc56/Documents/bastiencarreres.github.io/_site/assets/img/talks_img/palomar-800.webp"
       Imagemagick: Adding static file /home/blc56/Documents/bastiencarreres.github.io/_site/assets/img/talks_img/palomar-800.webp
       Imagemagick: Generating image "/home/blc56/Documents/bastiencarreres.github.io/_site/assets/img/talks_img/palomar-1400.webp"
       Imagemagick: Adding static file /home/blc56/Documents/bastiencarreres.github.io/_site/assets/img/talks_img/palomar-1400.webp
       Imagemagick: Generating image "/home/blc56/Documents/bastiencarreres.github.io/_site/assets/img/talks_img/rsd-480.webp"
       Imagemagick: Adding static file /home/blc56/Documents/bastiencarreres.github.io/_site/assets/img/talks_img/rsd-480.webp
       Imagemagick: Generating image "/home/blc56/Documents/bastiencarreres.github.io/_site/assets/img/talks_img/rsd-800.webp"
       Imagemagick: Adding static file /home/blc56/Documents/bastiencarreres.github.io/_site/assets/img/talks_img/rsd-800.webp
       Imagemagick: Generating image "/home/blc56/Documents/bastiencarreres.github.io/_site/assets/img/talks_img/rsd-1400.webp"
       Imagemagick: Adding static file /home/blc56/Documents/bastiencarreres.github.io/_site/assets/img/talks_img/rsd-1400.webp
       Imagemagick: Generating image "/home/blc56/Documents/bastiencarreres.github.io/_site/assets/img/talks_img/sncuts-480.webp"
       Imagemagick: Adding static file /home/blc56/Documents/bastiencarreres.github.io/_site/assets/img/talks_img/sncuts-480.webp
       Imagemagick: Generating image "/home/blc56/Documents/bastiencarreres.github.io/_site/assets/img/talks_img/sncuts-800.webp"
       Imagemagick: Adding static file /home/blc56/Documents/bastiencarreres.github.io/_site/assets/img/talks_img/sncuts-800.webp
       Imagemagick: Generating image "/home/blc56/Documents/bastiencarreres.github.io/_site/assets/img/talks_img/sncuts-1400.webp"
       Imagemagick: Adding static file /home/blc56/Documents/bastiencarreres.github.io/_site/assets/img/talks_img/sncuts-1400.webp
       Imagemagick: Generating image "/home/blc56/Documents/bastiencarreres.github.io/_site/assets/img/talks_img/t16_SN_lightcurves-480.webp"
       Imagemagick: Adding static file /home/blc56/Documents/bastiencarreres.github.io/_site/assets/img/talks_img/t16_SN_lightcurves-480.webp
       Imagemagick: Generating image "/home/blc56/Documents/bastiencarreres.github.io/_site/assets/img/talks_img/t16_SN_lightcurves-800.webp"
       Imagemagick: Adding static file /home/blc56/Documents/bastiencarreres.github.io/_site/assets/img/talks_img/t16_SN_lightcurves-800.webp
       Imagemagick: Generating image "/home/blc56/Documents/bastiencarreres.github.io/_site/assets/img/talks_img/t16_SN_lightcurves-1400.webp"
       Imagemagick: Adding static file /home/blc56/Documents/bastiencarreres.github.io/_site/assets/img/talks_img/t16_SN_lightcurves-1400.webp
       Imagemagick: Adding static file /home/blc56/Documents/bastiencarreres.github.io/_site/assets/img/talks_img/t16_SN_lightcurves-480.webp
       Imagemagick: Adding static file /home/blc56/Documents/bastiencarreres.github.io/_site/assets/img/talks_img/t16_SN_lightcurves-800.webp
       Imagemagick: Adding static file /home/blc56/Documents/bastiencarreres.github.io/_site/assets/img/talks_img/t16_SN_lightcurves-1400.webp
       Imagemagick: Generating image "/home/blc56/Documents/bastiencarreres.github.io/_site/assets/img/talks_img/universepie-480.webp"
       Imagemagick: Adding static file /home/blc56/Documents/bastiencarreres.github.io/_site/assets/img/talks_img/universepie-480.webp
       Imagemagick: Generating image "/home/blc56/Documents/bastiencarreres.github.io/_site/assets/img/talks_img/universepie-800.webp"
       Imagemagick: Adding static file /home/blc56/Documents/bastiencarreres.github.io/_site/assets/img/talks_img/universepie-800.webp
       Imagemagick: Generating image "/home/blc56/Documents/bastiencarreres.github.io/_site/assets/img/talks_img/universepie-1400.webp"
       Imagemagick: Adding static file /home/blc56/Documents/bastiencarreres.github.io/_site/assets/img/talks_img/universepie-1400.webp
       Imagemagick: Generating image "/home/blc56/Documents/bastiencarreres.github.io/_site/assets/img/talks_img/ztf-camera-fov-480.webp"
       Imagemagick: Adding static file /home/blc56/Documents/bastiencarreres.github.io/_site/assets/img/talks_img/ztf-camera-fov-480.webp
       Imagemagick: Generating image "/home/blc56/Documents/bastiencarreres.github.io/_site/assets/img/talks_img/ztf-camera-fov-800.webp"
       Imagemagick: Adding static file /home/blc56/Documents/bastiencarreres.github.io/_site/assets/img/talks_img/ztf-camera-fov-800.webp
       Imagemagick: Generating image "/home/blc56/Documents/bastiencarreres.github.io/_site/assets/img/talks_img/ztf-camera-fov-1400.webp"
       Imagemagick: Adding static file /home/blc56/Documents/bastiencarreres.github.io/_site/assets/img/talks_img/ztf-camera-fov-1400.webp
       Imagemagick: Generating image "/home/blc56/Documents/bastiencarreres.github.io/_site/assets/img/talks_img/ztf_gaia-480.webp"
       Imagemagick: Adding static file /home/blc56/Documents/bastiencarreres.github.io/_site/assets/img/talks_img/ztf_gaia-480.webp
       Imagemagick: Generating image "/home/blc56/Documents/bastiencarreres.github.io/_site/assets/img/talks_img/ztf_gaia-800.webp"
       Imagemagick: Adding static file /home/blc56/Documents/bastiencarreres.github.io/_site/assets/img/talks_img/ztf_gaia-800.webp
       Imagemagick: Generating image "/home/blc56/Documents/bastiencarreres.github.io/_site/assets/img/talks_img/ztf_gaia-1400.webp"
       Imagemagick: Adding static file /home/blc56/Documents/bastiencarreres.github.io/_site/assets/img/talks_img/ztf_gaia-1400.webp
       Imagemagick: Generating image "/home/blc56/Documents/bastiencarreres.github.io/_site/assets/img/talks_img/ztf_logo-480.webp"
       Imagemagick: Adding static file /home/blc56/Documents/bastiencarreres.github.io/_site/assets/img/talks_img/ztf_logo-480.webp
       Imagemagick: Generating image "/home/blc56/Documents/bastiencarreres.github.io/_site/assets/img/talks_img/ztf_logo-800.webp"
       Imagemagick: Adding static file /home/blc56/Documents/bastiencarreres.github.io/_site/assets/img/talks_img/ztf_logo-800.webp
       Imagemagick: Generating image "/home/blc56/Documents/bastiencarreres.github.io/_site/assets/img/talks_img/ztf_logo-1400.webp"
       Imagemagick: Adding static file /home/blc56/Documents/bastiencarreres.github.io/_site/assets/img/talks_img/ztf_logo-1400.webp
       Imagemagick: Generating image "/home/blc56/Documents/bastiencarreres.github.io/_site/assets/img/talks_img/ztffov-480.webp"
       Imagemagick: Adding static file /home/blc56/Documents/bastiencarreres.github.io/_site/assets/img/talks_img/ztffov-480.webp
       Imagemagick: Generating image "/home/blc56/Documents/bastiencarreres.github.io/_site/assets/img/talks_img/ztffov-800.webp"
       Imagemagick: Adding static file /home/blc56/Documents/bastiencarreres.github.io/_site/assets/img/talks_img/ztffov-800.webp
       Imagemagick: Generating image "/home/blc56/Documents/bastiencarreres.github.io/_site/assets/img/talks_img/ztffov-1400.webp"
       Imagemagick: Adding static file /home/blc56/Documents/bastiencarreres.github.io/_site/assets/img/talks_img/ztffov-1400.webp
       Imagemagick: Generating image "/home/blc56/Documents/bastiencarreres.github.io/_site/assets/img/template_error-480.webp"
       Imagemagick: Adding static file /home/blc56/Documents/bastiencarreres.github.io/_site/assets/img/template_error-480.webp
       Imagemagick: Generating image "/home/blc56/Documents/bastiencarreres.github.io/_site/assets/img/template_error-800.webp"
       Imagemagick: Adding static file /home/blc56/Documents/bastiencarreres.github.io/_site/assets/img/template_error-800.webp
       Imagemagick: Generating image "/home/blc56/Documents/bastiencarreres.github.io/_site/assets/img/template_error-1400.webp"
       Imagemagick: Adding static file /home/blc56/Documents/bastiencarreres.github.io/_site/assets/img/template_error-1400.webp
       Imagemagick: Generated 51 file(s)
         AutoPages: Disabled/Not configured in site.config.
        Pagination: Disabled in site.config.
                    done in 77.115 seconds.
 Auto-regeneration: disabled. Use --watch to enable.
